<?xml version="1.0" encoding="UTF-8"?>
<robot generator="Robot 4.1 (Python 3.9.6 on win32)" generated="20210827 11:39:42.283" rpa="false" schemaversion="2">
<suite id="s1" name="Position" source="C:\Users\Sona Sanju-2441\Automation-Position\TestCases\Position.robot">
<test id="s1-t1" name="login codecademy">
<kw name="Open Browser" library="SeleniumLibrary">
<arg>https://www.tripadvisor.in/</arg>
<arg>chrome</arg>
<doc>Opens a new browser instance to the optional ``url``.</doc>
<msg timestamp="20210827 11:39:42.524" level="INFO">Opening browser 'chrome' to base url 'https://www.tripadvisor.in/'.</msg>
<status status="PASS" starttime="20210827 11:39:42.524" endtime="20210827 11:39:47.517"/>
</kw>
<kw name="Maximize Browser Window" library="SeleniumLibrary">
<doc>Maximizes current browser window.</doc>
<status status="PASS" starttime="20210827 11:39:47.517" endtime="20210827 11:39:47.635"/>
</kw>
<kw name="Sleep" library="BuiltIn">
<arg>3s</arg>
<doc>Pauses the test executed for the given time.</doc>
<msg timestamp="20210827 11:39:50.643" level="INFO">Slept 3 seconds</msg>
<status status="PASS" starttime="20210827 11:39:47.635" endtime="20210827 11:39:50.643"/>
</kw>
<kw name="Scroll Element Into View" library="SeleniumLibrary">
<arg>//*[@id="lithium-root"]/main/div[4]/div[3]/div[2]/div/div</arg>
<doc>Scrolls the element identified by ``locator`` into view.</doc>
<status status="PASS" starttime="20210827 11:39:50.644" endtime="20210827 11:39:50.953"/>
</kw>
<kw name="Sleep" library="BuiltIn">
<arg>3s</arg>
<doc>Pauses the test executed for the given time.</doc>
<msg timestamp="20210827 11:39:53.958" level="INFO">Slept 3 seconds</msg>
<status status="PASS" starttime="20210827 11:39:50.954" endtime="20210827 11:39:53.958"/>
</kw>
<kw name="Click Element" library="SeleniumLibrary">
<arg>//*[@id="lithium-root"]/footer/div/div</arg>
<doc>Click the element identified by ``locator``.</doc>
<msg timestamp="20210827 11:39:53.959" level="INFO">Clicking element '//*[@id="lithium-root"]/footer/div/div'.</msg>
<status status="PASS" starttime="20210827 11:39:53.959" endtime="20210827 11:39:54.014"/>
</kw>
<kw name="Sleep" library="BuiltIn">
<arg>2s</arg>
<doc>Pauses the test executed for the given time.</doc>
<msg timestamp="20210827 11:39:56.020" level="INFO">Slept 2 seconds</msg>
<status status="PASS" starttime="20210827 11:39:54.015" endtime="20210827 11:39:56.020"/>
</kw>
<kw name="Mouse Down On Link" library="SeleniumLibrary">
<arg>//*[@id="footer_section_explore_contents"]/div/ul/li[2]/a</arg>
<doc>Simulates a mouse down event on a link identified by ``locator``.</doc>
<status status="PASS" starttime="20210827 11:39:56.021" endtime="20210827 11:39:56.306"/>
</kw>
<kw name="Sleep" library="BuiltIn">
<arg>2s</arg>
<doc>Pauses the test executed for the given time.</doc>
<msg timestamp="20210827 11:39:58.315" level="INFO">Slept 2 seconds</msg>
<status status="PASS" starttime="20210827 11:39:56.307" endtime="20210827 11:39:58.315"/>
</kw>
<kw name="Click Element" library="SeleniumLibrary">
<arg>//*[@id="footer_section_explore_contents"]/div/ul/li[2]/a</arg>
<doc>Click the element identified by ``locator``.</doc>
<msg timestamp="20210827 11:39:58.316" level="INFO">Clicking element '//*[@id="footer_section_explore_contents"]/div/ul/li[2]/a'.</msg>
<status status="PASS" starttime="20210827 11:39:58.316" endtime="20210827 11:39:59.915"/>
</kw>
<kw name="Sleep" library="BuiltIn">
<arg>2s</arg>
<doc>Pauses the test executed for the given time.</doc>
<msg timestamp="20210827 11:40:01.927" level="INFO">Slept 2 seconds</msg>
<status status="PASS" starttime="20210827 11:39:59.916" endtime="20210827 11:40:01.927"/>
</kw>
<kw name="Scroll Element Into View" library="SeleniumLibrary">
<arg>//*[@id="lithium-root"]/main/div[2]/div[5]</arg>
<doc>Scrolls the element identified by ``locator`` into view.</doc>
<status status="PASS" starttime="20210827 11:40:01.928" endtime="20210827 11:40:02.212"/>
</kw>
<kw name="Sleep" library="BuiltIn">
<arg>2s</arg>
<doc>Pauses the test executed for the given time.</doc>
<msg timestamp="20210827 11:40:04.228" level="INFO">Slept 2 seconds</msg>
<status status="PASS" starttime="20210827 11:40:02.213" endtime="20210827 11:40:04.228"/>
</kw>
<kw name="Get Horizontal Position" library="SeleniumLibrary">
<var>${x}</var>
<arg>//*[@id="lithium-root"]/main/div[2]/div[4]/div[1]/div/div[1]/div/div/div/div/a/span</arg>
<doc>Returns the horizontal position of the element identified by ``locator``.</doc>
<msg timestamp="20210827 11:40:04.247" level="INFO">${x} = 396</msg>
<status status="PASS" starttime="20210827 11:40:04.229" endtime="20210827 11:40:04.247"/>
</kw>
<kw name="Get Vertical Position" library="SeleniumLibrary">
<var>${y}</var>
<arg>//*[@id="lithium-root"]/main/div[2]/div[4]/div[1]/div/div[1]/div/div/div/div/a/span</arg>
<doc>Returns the vertical position of the element identified by ``locator``.</doc>
<msg timestamp="20210827 11:40:04.262" level="INFO">${y} = 554</msg>
<status status="PASS" starttime="20210827 11:40:04.249" endtime="20210827 11:40:04.262"/>
</kw>
<kw name="Execute Javascript" library="SeleniumLibrary">
<arg>window.scrollTo(${x},${y})</arg>
<doc>Executes the given JavaScript code with possible arguments.</doc>
<msg timestamp="20210827 11:40:04.264" level="INFO">Executing JavaScript:
window.scrollTo(396,554)
Without any arguments.</msg>
<status status="PASS" starttime="20210827 11:40:04.264" endtime="20210827 11:40:04.270"/>
</kw>
<kw name="Log To Console" library="BuiltIn">
<arg>(${x},${y})</arg>
<doc>Logs the given message to the console.</doc>
<status status="PASS" starttime="20210827 11:40:04.270" endtime="20210827 11:40:04.271"/>
</kw>
<kw name="Sleep" library="BuiltIn">
<arg>3s</arg>
<doc>Pauses the test executed for the given time.</doc>
<msg timestamp="20210827 11:40:07.277" level="INFO">Slept 3 seconds</msg>
<status status="PASS" starttime="20210827 11:40:04.272" endtime="20210827 11:40:07.277"/>
</kw>
<kw name="Close Browser" library="SeleniumLibrary">
<doc>Closes the current browser.</doc>
<status status="PASS" starttime="20210827 11:40:07.278" endtime="20210827 11:40:09.599"/>
</kw>
<status status="PASS" starttime="20210827 11:39:42.523" endtime="20210827 11:40:09.600"/>
</test>
<status status="PASS" starttime="20210827 11:39:42.284" endtime="20210827 11:40:09.602"/>
</suite>
<statistics>
<total>
<stat pass="1" fail="0" skip="0">All Tests</stat>
</total>
<tag>
</tag>
<suite>
<stat pass="1" fail="0" skip="0" id="s1" name="Position">Position</stat>
</suite>
</statistics>
<errors>
</errors>
</robot>
